
Turn 384
================================================================
warning: owned entities 36, 10, 4 collided on cell (8, 16) as the result of moves on this turn
At command 15 of 22:
    13   m 17 w
    14   m 0 w
>>> 15   m 36 w
    16   m 26 o
    17   m 24 s

Other commands that placed an entity on this cell:
    16   m 26 o
    17   m 24 s
>>> 18   m 10 n
    19   m 8 s
    20   m 39 s


Turn 386
================================================================
warning: owned entities 21, 41, 25 collided on cell (8, 16) as the result of moves on this turn
At command 9 of 20:
    7   m 2 n
    8   m 29 s
>>> 9   m 21 s
    10   m 41 w
    11   m 24 e

Other commands that placed an entity on this cell:
    8   m 29 s
    9   m 21 s
>>> 10   m 41 w
    11   m 24 e
    12   m 34 o


Turn 387
================================================================
warning: owned entities 17, 19 collided on cell (8, 16) as the result of moves on this turn
At command 7 of 17:
    5   m 39 w
    6   m 32 s
>>> 7   m 17 n
    8   m 8 e
    9   m 6 w

Other commands that placed an entity on this cell:
    8   m 8 e
    9   m 6 w
>>> 10   m 19 w
    11   m 26 s
    12   m 0 s


Turn 388
================================================================
warning: owned entities 0, 12 collided on cell (8, 16) as the result of moves on this turn
At command 7 of 15:
    5   m 30 w
    6   m 38 w
>>> 7   m 0 w
    8   m 12 s
    9   m 14 w

Other commands that placed an entity on this cell:
    6   m 38 w
    7   m 0 w
>>> 8   m 12 s
    9   m 14 w
    10   m 39 s


Turn 390
================================================================
warning: owned entities 29, 30 collided on cell (8, 16) as the result of moves on this turn
At command 8 of 13:
    6   m 8 s
    7   m 32 n
>>> 8   m 29 w
    9   m 30 s
    10   m 24 w

Other commands that placed an entity on this cell:
    7   m 32 n
    8   m 29 w
>>> 9   m 30 s
    10   m 24 w
    11   m 16 w


Turn 392
================================================================
warning: owned entities 34, 2, 16 collided on cell (8, 16) as the result of moves on this turn
At command 6 of 11:
    4   m 14 n
    5   m 8 s
>>> 6   m 34 w
    7   m 2 s
    8   m 32 w

Other commands that placed an entity on this cell:
    5   m 8 s
    6   m 34 w
>>> 7   m 2 s
    8   m 32 w
    9   m 24 s

    8   m 32 w
    9   m 24 s
>>> 10   m 16 n
    11   m 6 w


Turn 395
================================================================
warning: owned entities 39, 26 collided on cell (8, 16) as the result of moves on this turn
At command 3 of 8:
    1   m 26 o
    2   m 32 w
>>> 3   m 39 w
    4   m 14 w
    5   m 38 w


Turn 396
================================================================
warning: owned entities 32, 8, 6 collided on cell (8, 16) as the result of moves on this turn
At command 1 of 6:
>>> 1   m 32 s
    2   m 8 w
    3   m 14 w

Other commands that placed an entity on this cell:
    1   m 32 s
>>> 2   m 8 w
    3   m 14 w
    4   m 38 s

    4   m 38 s
    5   m 24 n
>>> 6   m 6 n


Turn 399
================================================================
warning: owned entities 14, 38 collided on cell (8, 16) as the result of moves on this turn
At command 2 of 3:
    1   m 38 o
>>> 2   m 14 w
    3   m 24 n

