
Turn 382
================================================================
warning: owned entities 1, 30 collided on cell (18, 13) as the result of moves on this turn
At command 6 of 15:
    4   m 31 n
    5   m 23 n
>>> 6   m 1 w
    7   m 13 o
    8   m 22 n


Turn 383
================================================================
warning: owned entities 35, 31 collided on cell (23, 16) as the result of moves on this turn
At command 7 of 14:
    5   m 22 n
    6   m 15 w
>>> 7   m 35 w
    8   m 33 w
    9   m 31 n

Other commands that placed an entity on this cell:
    7   m 35 w
    8   m 33 w
>>> 9   m 31 n
    10   m 23 n
    11   m 18 w


Turn 385
================================================================
warning: owned entities 23, 22, 25 collided on cell (23, 16) as the result of moves on this turn
At command 5 of 12:
    3   m 15 n
    4   m 5 n
>>> 5   m 23 w
    6   m 13 e
    7   m 18 n

Other commands that placed an entity on this cell:
    8   m 3 w
    9   m 25 o
>>> 10   m 22 n
    11   m 33 s
    12   m 20 e

warning: owned entities 3, 7 collided on cell (18, 13) as the result of moves on this turn
At command 8 of 12:
    6   m 13 e
    7   m 18 n
>>> 8   m 3 w
    9   m 25 o
    10   m 22 n


Turn 387
================================================================
warning: owned entities 11, 15, 20 collided on cell (23, 16) as the result of moves on this turn
At command 1 of 7:
>>> 1   m 11 w
    2   m 13 n
    3   m 15 n

Other commands that placed an entity on this cell:
    1   m 11 w
    2   m 13 n
>>> 3   m 15 n
    4   m 5 n
    5   m 18 n


Turn 389
================================================================
warning: owned entities 13, 18 collided on cell (23, 16) as the result of moves on this turn
At command 1 of 4:
>>> 1   m 13 w
    2   m 5 n
    3   m 18 o

