
Turn 385
================================================================
warning: owned entities 3, 1, 7 collided on cell (23, 16) as the result of moves on this turn
At command 8 of 12:
    6   m 12 e
    7   m 11 e
>>> 8   m 3 w
    9   m 14 o
    10   m 1 n

Other commands that placed an entity on this cell:
    8   m 3 w
    9   m 14 o
>>> 10   m 1 n
    11   m 5 s
    12   m 7 o


Turn 387
================================================================
warning: owned entities 20, 17, 9, 14 collided on cell (23, 16) as the result of moves on this turn
At command 3 of 9:
    1   m 5 e
    2   m 16 o
>>> 3   m 20 w
    4   m 14 o
    5   m 17 n

Other commands that placed an entity on this cell:
    3   m 20 w
    4   m 14 o
>>> 5   m 17 n
    6   m 9 s
    7   m 23 n

    4   m 14 o
    5   m 17 n
>>> 6   m 9 s
    7   m 23 n
    8   m 12 s


Turn 389
================================================================
warning: owned entities 23, 16 collided on cell (23, 16) as the result of moves on this turn
At command 1 of 5:
>>> 1   m 23 n
    2   m 16 w
    3   m 5 w

Other commands that placed an entity on this cell:
    1   m 23 n
>>> 2   m 16 w
    3   m 5 w
    4   m 12 n


Turn 393
================================================================
warning: owned entities 12, 5 collided on cell (23, 16) as the result of moves on this turn
At command 3 of 3:
    1   m 5 o
    2   m 11 s
>>> 3   m 12 w

