
Turn 383
================================================================
warning: owned entities 26, 37, 36 collided on cell (8, 16) as the result of moves on this turn
At command 1 of 13:
>>> 1   m 26 n
    2   m 19 e
    3   m 28 w

Other commands that placed an entity on this cell:
    5   m 31 e
    6   m 38 e
>>> 7   m 37 w
    8   m 36 s
    9   m 12 s

    6   m 38 e
    7   m 37 w
>>> 8   m 36 s
    9   m 12 s
    10   m 2 s


Turn 385
================================================================
warning: owned entities 38, 4 collided on cell (8, 16) as the result of moves on this turn
At command 2 of 10:
    1   m 19 n
>>> 2   m 38 e
    3   m 8 s
    4   m 28 s


Turn 387
================================================================
warning: owned entities 31, 28 collided on cell (8, 16) as the result of moves on this turn
At command 2 of 8:
    1   m 19 s
>>> 2   m 31 e
    3   m 2 s
    4   m 12 s


Turn 390
================================================================
warning: owned entities 19, 16 collided on cell (8, 16) as the result of moves on this turn
At command 2 of 6:
    1   m 16 o
>>> 2   m 19 w
    3   m 8 w
    4   m 2 s


Turn 391
================================================================
warning: owned entities 0, 8 collided on cell (8, 16) as the result of moves on this turn
At command 1 of 4:
>>> 1   m 0 s
    2   m 8 w
    3   m 2 w

Other commands that placed an entity on this cell:
    1   m 0 s
>>> 2   m 8 w
    3   m 2 w
    4   m 12 n


Turn 393
================================================================
warning: owned entities 2, 12 collided on cell (8, 16) as the result of moves on this turn
At command 1 of 2:
>>> 1   m 2 w
    2   m 12 o

