
Turn 383
================================================================
warning: owned entities 6, 20 collided on cell (8, 16) as the result of moves on this turn
At command 2 of 15:
    1   m 4 n
>>> 2   m 6 n
    3   m 11 n
    4   m 29 n


Turn 384
================================================================
warning: owned entities 23, 0 collided on cell (8, 16) as the result of moves on this turn
At command 12 of 14:
    10   m 16 e
    11   m 27 n
>>> 12   m 23 e
    13   m 0 w
    14   m 21 n

Other commands that placed an entity on this cell:
    11   m 27 n
    12   m 23 e
>>> 13   m 0 w
    14   m 21 n


Turn 387
================================================================
warning: owned entities 29, 4 collided on cell (8, 16) as the result of moves on this turn
At command 9 of 12:
    7   m 22 n
    8   m 11 n
>>> 9   m 29 e
    10   m 18 n
    11   m 16 n


Turn 389
================================================================
warning: owned entities 8, 11, 13 collided on cell (8, 16) as the result of moves on this turn
At command 4 of 10:
    2   m 25 e
    3   m 2 n
>>> 4   m 8 e
    5   m 13 o
    6   m 21 n

Other commands that placed an entity on this cell:
    7   m 22 n
    8   m 18 n
>>> 9   m 11 n
    10   m 27 w


Turn 390
================================================================
warning: owned entities 25, 27, 18 collided on cell (8, 16) as the result of moves on this turn
At command 2 of 7:
    1   m 16 w
>>> 2   m 25 s
    3   m 27 w
    4   m 21 n

Other commands that placed an entity on this cell:
    1   m 16 w
    2   m 25 s
>>> 3   m 27 w
    4   m 21 n
    5   m 2 n

    5   m 2 n
    6   m 22 e
>>> 7   m 18 e


Turn 394
================================================================
warning: owned entities 2, 21 collided on cell (8, 16) as the result of moves on this turn
At command 3 of 4:
    1   m 16 n
    2   m 21 o
>>> 3   m 2 w
    4   m 22 n


Turn 398
================================================================
warning: owned entities 16, 22 collided on cell (8, 16) as the result of moves on this turn
At command 2 of 2:
    1   m 22 o
>>> 2   m 16 e

