
Turn 381
================================================================
warning: owned entities 3, 22, 28 collided on cell (25, 16) as the result of moves on this turn
At command 2 of 5:
    1   m 28 o
>>> 2   m 3 w
    3   m 22 s
    4   m 1 s

Other commands that placed an entity on this cell:
    1   m 28 o
    2   m 3 w
>>> 3   m 22 s
    4   m 1 s
    5   m 19 s


Turn 385
================================================================
warning: owned entities 1, 19 collided on cell (25, 16) as the result of moves on this turn
At command 2 of 2:
    1   m 19 o
>>> 2   m 1 w

