
Turn 384
================================================================
warning: owned entities 13, 15, 18 collided on cell (8, 16) as the result of moves on this turn
At command 3 of 12:
    1   m 0 n
    2   m 10 e
>>> 3   m 13 w
    4   m 4 n
    5   m 15 n

Other commands that placed an entity on this cell:
    3   m 13 w
    4   m 4 n
>>> 5   m 15 n
    6   m 2 n
    7   m 6 e

    10   m 21 n
    11   m 8 n
>>> 12   m 18 e


Turn 385
================================================================
warning: owned entities 6, 21 collided on cell (8, 16) as the result of moves on this turn
At command 5 of 9:
    3   m 2 n
    4   m 4 n
>>> 5   m 6 n
    6   m 19 s
    7   m 22 n

Other commands that placed an entity on this cell:
    6   m 19 s
    7   m 22 n
>>> 8   m 21 s
    9   m 8 n


Turn 386
================================================================
warning: owned entities 2, 8 collided on cell (8, 16) as the result of moves on this turn
At command 3 of 7:
    1   m 0 s
    2   m 10 n
>>> 3   m 2 w
    4   m 4 n
    5   m 19 n

Other commands that placed an entity on this cell:
    5   m 19 n
    6   m 22 s
>>> 7   m 8 e


Turn 389
================================================================
warning: owned entities 0, 4 collided on cell (8, 16) as the result of moves on this turn
At command 1 of 5:
>>> 1   m 0 w
    2   m 10 w
    3   m 4 e

Other commands that placed an entity on this cell:
    1   m 0 w
    2   m 10 w
>>> 3   m 4 e
    4   m 19 e
    5   m 22 n


Turn 391
================================================================
warning: owned entities 10, 19 collided on cell (8, 16) as the result of moves on this turn
At command 1 of 3:
>>> 1   m 10 w
    2   m 19 e
    3   m 22 e

Other commands that placed an entity on this cell:
    1   m 10 w
>>> 2   m 19 e
    3   m 22 e

