
Turn 385
================================================================
warning: owned entities 21, 25 collided on cell (23, 16) as the result of moves on this turn
At command 3 of 11:
    1   m 12 o
    2   m 25 o
>>> 3   m 21 n
    4   m 9 e
    5   m 3 e


Turn 387
================================================================
warning: owned entities 30, 12 collided on cell (27, 23) as the result of moves on this turn
At command 6 of 9:
    4   m 3 n
    5   m 14 n
>>> 6   m 30 n
    7   m 34 e
    8   m 22 e


Turn 388
================================================================
warning: owned entities 22, 18 collided on cell (23, 16) as the result of moves on this turn
At command 7 of 7:
    5   m 14 n
    6   m 34 e
>>> 7   m 22 e


Turn 391
================================================================
warning: owned entities 34, 14 collided on cell (23, 16) as the result of moves on this turn
At command 3 of 5:
    1   m 37 e
    2   m 14 o
>>> 3   m 34 n
    4   m 9 n
    5   m 3 e


Turn 395
================================================================
warning: owned entities 9, 3 collided on cell (23, 16) as the result of moves on this turn
At command 3 of 3:
    1   m 3 o
    2   m 37 n
>>> 3   m 9 e

