
Turn 21
================================================================
warning: owned entities 7, 3 collided on cell (23, 16) as the result of moves on this turn
At command 4 of 6:
    2   m 9 o
    3   m 5 o
>>> 4   m 7 e
    5   m 11 o
    6   m 3 s

Other commands that placed an entity on this cell:
    4   m 7 e
    5   m 11 o
>>> 6   m 3 s


Turn 384
================================================================
warning: owned entities 5, 11, 17 collided on cell (23, 16) as the result of moves on this turn
At command 1 of 11:
>>> 1   m 5 s
    2   m 13 s
    3   m 21 s

Other commands that placed an entity on this cell:
    3   m 21 s
    4   m 24 w
>>> 5   m 11 e
    6   m 17 n
    7   m 18 n

    4   m 24 w
    5   m 11 e
>>> 6   m 17 n
    7   m 18 n
    8   m 9 s


Turn 385
================================================================
warning: owned entities 18, 1 collided on cell (23, 16) as the result of moves on this turn
At command 5 of 8:
    3   m 15 s
    4   m 24 w
>>> 5   m 18 s
    6   m 9 s
    7   m 1 w

Other commands that placed an entity on this cell:
    5   m 18 s
    6   m 9 s
>>> 7   m 1 w
    8   m 22 s


Turn 387
================================================================
warning: owned entities 22, 9, 15 collided on cell (23, 16) as the result of moves on this turn
At command 2 of 6:
    1   m 15 o
>>> 2   m 22 s
    3   m 24 s
    4   m 21 s

Other commands that placed an entity on this cell:
    4   m 21 s
    5   m 13 s
>>> 6   m 9 w


Turn 390
================================================================
warning: owned entities 21, 24 collided on cell (23, 16) as the result of moves on this turn
At command 3 of 3:
    1   m 24 o
    2   m 13 s
>>> 3   m 21 w

