
Turn 384
================================================================
warning: owned entities 5, 9 collided on cell (23, 16) as the result of moves on this turn
At command 8 of 19:
    6   m 35 s
    7   m 1 w
>>> 8   m 5 e
    9   m 7 e
    10   m 31 n

Other commands that placed an entity on this cell:
    9   m 7 e
    10   m 31 n
>>> 11   m 9 w
    12   m 16 n
    13   m 30 s


Turn 385
================================================================
warning: owned entities 3, 16, 37 collided on cell (23, 16) as the result of moves on this turn
At command 4 of 17:
    2   m 39 s
    3   m 24 n
>>> 4   m 3 s
    5   m 25 w
    6   m 33 s

Other commands that placed an entity on this cell:
    12   m 30 s
    13   m 31 w
>>> 14   m 16 n
    15   m 14 s
    16   m 28 w

    15   m 14 s
    16   m 28 w
>>> 17   m 37 w


Turn 389
================================================================
warning: owned entities 35, 33, 14 collided on cell (23, 16) as the result of moves on this turn
At command 10 of 14:
    8   m 7 s
    9   m 24 n
>>> 10   m 35 w
    11   m 12 s
    12   m 25 s

Other commands that placed an entity on this cell:
    11   m 12 s
    12   m 25 s
>>> 13   m 33 s
    14   m 30 s


Turn 392
================================================================
warning: owned entities 31, 30 collided on cell (23, 16) as the result of moves on this turn
At command 4 of 11:
    2   m 39 s
    3   m 21 s
>>> 4   m 31 w
    5   m 1 s
    6   m 18 s


Turn 394
================================================================
warning: owned entities 1, 18 collided on cell (23, 16) as the result of moves on this turn
At command 4 of 9:
    2   m 21 s
    3   m 39 s
>>> 4   m 1 w
    5   m 18 o
    6   m 25 s


Turn 396
================================================================
warning: owned entities 25, 39 collided on cell (23, 16) as the result of moves on this turn
At command 4 of 7:
    2   m 39 o
    3   m 21 s
>>> 4   m 25 s
    5   m 7 s
    6   m 24 s


Turn 398
================================================================
warning: owned entities 12, 21 collided on cell (23, 16) as the result of moves on this turn
At command 5 of 5:
    3   m 7 e
    4   m 24 s
>>> 5   m 12 s

