
Turn 5
================================================================
warning: owned entities 0, 6 collided on cell (7, 16) as the result of moves on this turn
At command 3 of 5:
    1   m 2 s
    2   m 4 o
>>> 3   m 0 e
    4   m 6 w
    5   g

Other commands that placed an entity on this cell:
    2   m 4 o
    3   m 0 e
>>> 4   m 6 w
    5   g

warning: spawn on cell (8, 16) collided with owned entity 2 on that cell
At command 5 of 5:
    3   m 0 e
    4   m 6 w
>>> 5   g


Turn 73
================================================================
warning: owned entities 8, 4 collided on cell (7, 16) as the result of moves on this turn
At command 2 of 2:
    1   m 4 o
>>> 2   m 8 w

