
Turn 376
================================================================
warning: owned entities 19, 28 collided on cell (21, 25) as the result of moves on this turn
At command 8 of 14:
    6   m 12 o
    7   m 3 n
>>> 8   m 19 w
    9   m 1 w
    10   m 26 s


Turn 379
================================================================
warning: owned entities 1, 7 collided on cell (21, 25) as the result of moves on this turn
At command 8 of 12:
    6   m 7 o
    7   m 15 w
>>> 8   m 1 w
    9   m 10 o
    10   m 17 s


Turn 382
================================================================
warning: owned entities 12, 30, 24 collided on cell (21, 25) as the result of moves on this turn
At command 9 of 10:
    7   m 15 n
    8   m 17 w
>>> 9   m 12 w
    10   m 30 s

Other commands that placed an entity on this cell:
    8   m 17 w
    9   m 12 w
>>> 10   m 30 s


Turn 385
================================================================
warning: owned entities 3, 9 collided on cell (21, 25) as the result of moves on this turn
At command 2 of 7:
    1   m 26 s
>>> 2   m 3 s
    3   m 17 n
    4   m 14 w


Turn 387
================================================================
warning: owned entities 10, 14 collided on cell (21, 25) as the result of moves on this turn
At command 1 of 5:
>>> 1   m 10 w
    2   m 26 n
    3   m 17 w


Turn 389
================================================================
warning: owned entities 17, 15 collided on cell (21, 25) as the result of moves on this turn
At command 1 of 3:
>>> 1   m 17 w
    2   m 26 w
    3   m 15 o

