
Turn 384
================================================================
warning: owned entities 26, 11, 13 collided on cell (23, 16) as the result of moves on this turn
At command 1 of 9:
>>> 1   m 26 n
    2   m 21 o
    3   m 11 w

Other commands that placed an entity on this cell:
    1   m 26 n
    2   m 21 o
>>> 3   m 11 w
    4   m 17 w
    5   m 14 w

    5   m 14 w
    6   m 1 o
>>> 7   m 13 s
    8   m 33 s
    9   m 18 s


Turn 386
================================================================
warning: owned entities 1, 14 collided on cell (23, 16) as the result of moves on this turn
At command 2 of 6:
    1   m 18 e
>>> 2   m 1 s
    3   m 21 w
    4   m 17 s


Turn 387
================================================================
warning: owned entities 21, 17 collided on cell (23, 16) as the result of moves on this turn
At command 2 of 4:
    1   m 18 s
>>> 2   m 21 w
    3   m 17 e
    4   m 33 s

Other commands that placed an entity on this cell:
    1   m 18 s
    2   m 21 w
>>> 3   m 17 e
    4   m 33 s


Turn 389
================================================================
warning: owned entities 33, 18 collided on cell (23, 16) as the result of moves on this turn
At command 2 of 2:
    1   m 18 o
>>> 2   m 33 s

