
Turn 385
================================================================
warning: owned entities 1, 11 collided on cell (23, 16) as the result of moves on this turn
At command 5 of 8:
    3   m 3 n
    4   m 7 n
>>> 5   m 1 n
    6   m 9 n
    7   m 10 e


Turn 387
================================================================
warning: owned entities 7, 10 collided on cell (23, 16) as the result of moves on this turn
At command 4 of 6:
    2   m 3 n
    3   m 9 s
>>> 4   m 7 n
    5   m 10 o
    6   m 5 s


Turn 389
================================================================
warning: owned entities 3, 9 collided on cell (23, 16) as the result of moves on this turn
At command 3 of 4:
    1   m 14 n
    2   m 5 n
>>> 3   m 3 n
    4   m 9 e

Other commands that placed an entity on this cell:
    2   m 5 n
    3   m 3 n
>>> 4   m 9 e


Turn 395
================================================================
warning: owned entities 5, 14 collided on cell (23, 16) as the result of moves on this turn
At command 2 of 2:
    1   m 14 o
>>> 2   m 5 e

