
Turn 384
================================================================
warning: owned entities 5, 13 collided on cell (23, 16) as the result of moves on this turn
At command 17 of 19:
    15   m 11 w
    16   m 3 w
>>> 17   m 5 n
    18   m 13 w
    19   m 1 n

Other commands that placed an entity on this cell:
    16   m 3 w
    17   m 5 n
>>> 18   m 13 w
    19   m 1 n


Turn 387
================================================================
warning: owned entities 20, 40 collided on cell (23, 16) as the result of moves on this turn
At command 17 of 17:
    15   m 11 n
    16   m 9 n
>>> 17   m 20 w


Turn 389
================================================================
warning: owned entities 9, 7 collided on cell (23, 16) as the result of moves on this turn
At command 15 of 15:
    13   m 37 s
    14   m 35 n
>>> 15   m 9 w


Turn 392
================================================================
warning: owned entities 1, 37, 27 collided on cell (23, 16) as the result of moves on this turn
At command 4 of 13:
    2   m 11 n
    3   m 35 n
>>> 4   m 1 n
    5   m 33 n
    6   m 28 n

Other commands that placed an entity on this cell:
    10   m 23 n
    11   m 22 n
>>> 12   m 37 w
    13   m 15 n


Turn 394
================================================================
warning: owned entities 11, 23 collided on cell (23, 16) as the result of moves on this turn
At command 2 of 10:
    1   m 18 n
>>> 2   m 11 n
    3   m 35 n
    4   m 31 n

Other commands that placed an entity on this cell:
    8   m 22 n
    9   m 3 n
>>> 10   m 23 w


Turn 396
================================================================
warning: owned entities 18, 35, 22 collided on cell (23, 16) as the result of moves on this turn
At command 2 of 8:
    1   m 15 w
>>> 2   m 18 e
    3   m 35 n
    4   m 33 w

Other commands that placed an entity on this cell:
    1   m 15 w
    2   m 18 e
>>> 3   m 35 n
    4   m 33 w
    5   m 31 n

    5   m 31 n
    6   m 28 n
>>> 7   m 22 w
    8   m 3 n


Turn 399
================================================================
warning: owned entities 33, 15, 3 collided on cell (23, 16) as the result of moves on this turn
At command 1 of 5:
>>> 1   m 33 n
    2   m 15 e
    3   m 28 w

Other commands that placed an entity on this cell:
    1   m 33 n
>>> 2   m 15 e
    3   m 28 w
    4   m 3 o

