
Turn 385
================================================================
warning: owned entities 15, 2 collided on cell (8, 16) as the result of moves on this turn
At command 7 of 17:
    5   m 34 w
    6   m 8 s
>>> 7   m 15 s
    8   m 36 w
    9   m 17 w


Turn 388
================================================================
warning: owned entities 19, 38, 6 collided on cell (8, 16) as the result of moves on this turn
At command 4 of 15:
    2   m 10 e
    3   m 17 e
>>> 4   m 19 s
    5   m 20 s
    6   m 8 s

Other commands that placed an entity on this cell:
    11   m 6 o
    12   m 29 s
>>> 13   m 38 e
    14   m 32 e
    15   m 26 s


Turn 391
================================================================
warning: owned entities 4, 0 collided on cell (8, 16) as the result of moves on this turn
At command 9 of 12:
    7   m 29 w
    8   m 34 s
>>> 9   m 4 s
    10   m 23 e
    11   m 32 s


Turn 393
================================================================
warning: owned entities 36, 20 collided on cell (8, 16) as the result of moves on this turn
At command 1 of 10:
>>> 1   m 36 e
    2   m 26 s
    3   m 32 e


Turn 397
================================================================
warning: owned entities 29, 17 collided on cell (8, 16) as the result of moves on this turn
At command 5 of 8:
    3   m 26 s
    4   m 8 s
>>> 5   m 29 e
    6   m 32 s
    7   m 10 e

