
Turn 384
================================================================
warning: owned entities 32, 38, 0 collided on cell (8, 16) as the result of moves on this turn
At command 1 of 15:
>>> 1   m 32 e
    2   m 28 s
    3   m 38 n

Other commands that placed an entity on this cell:
    1   m 32 e
    2   m 28 s
>>> 3   m 38 n
    4   m 25 s
    5   m 10 e


Turn 385
================================================================
warning: owned entities 4, 15 collided on cell (8, 16) as the result of moves on this turn
At command 4 of 13:
    2   m 25 s
    3   m 10 e
>>> 4   m 4 e
    5   m 15 s
    6   m 45 s

Other commands that placed an entity on this cell:
    3   m 10 e
    4   m 4 e
>>> 5   m 15 s
    6   m 45 s
    7   m 34 e


Turn 386
================================================================
warning: owned entities 45, 42, 26 collided on cell (8, 16) as the result of moves on this turn
At command 3 of 11:
    1   m 41 s
    2   m 28 s
>>> 3   m 45 s
    4   m 25 s
    5   m 10 e

Other commands that placed an entity on this cell:
    6   m 34 w
    7   m 2 s
>>> 8   m 42 n
    9   m 29 w
    10   m 23 s

    9   m 29 w
    10   m 23 s
>>> 11   m 26 e


Turn 389
================================================================
warning: owned entities 10, 2 collided on cell (8, 16) as the result of moves on this turn
At command 2 of 8:
    1   m 41 s
>>> 2   m 10 e
    3   m 29 s
    4   m 2 o


Turn 391
================================================================
warning: owned entities 28, 25 collided on cell (8, 16) as the result of moves on this turn
At command 3 of 6:
    1   m 41 s
    2   m 34 s
>>> 3   m 28 e
    4   m 29 s
    5   m 23 s


Turn 393
================================================================
warning: owned entities 34, 23 collided on cell (8, 16) as the result of moves on this turn
At command 2 of 4:
    1   m 41 s
>>> 2   m 34 e
    3   m 29 s
    4   m 23 o


Turn 396
================================================================
warning: owned entities 29, 41 collided on cell (8, 16) as the result of moves on this turn
At command 2 of 2:
    1   m 41 o
>>> 2   m 29 s

