
Turn 5
================================================================
warning: owned entities 1, 7 collided on cell (24, 16) as the result of moves on this turn
At command 2 of 5:
    1   m 3 s
>>> 2   m 1 w
    3   m 5 o
    4   m 7 e

Other commands that placed an entity on this cell:
    2   m 1 w
    3   m 5 o
>>> 4   m 7 e
    5   g

warning: spawn on cell (23, 16) collided with owned entity 3 on that cell
At command 5 of 5:
    3   m 5 o
    4   m 7 e
>>> 5   g


Turn 73
================================================================
warning: owned entities 9, 5 collided on cell (24, 16) as the result of moves on this turn
At command 2 of 2:
    1   m 5 o
>>> 2   m 9 e

