
Turn 384
================================================================
warning: owned entities 4, 2, 25 collided on cell (8, 16) as the result of moves on this turn
At command 5 of 10:
    3   m 28 n
    4   m 0 n
>>> 5   m 4 e
    6   m 8 o
    7   m 2 w

Other commands that placed an entity on this cell:
    5   m 4 e
    6   m 8 o
>>> 7   m 2 w
    8   m 25 s
    9   m 10 s

    6   m 8 o
    7   m 2 w
>>> 8   m 25 s
    9   m 10 s
    10   m 6 e


Turn 386
================================================================
warning: owned entities 8, 12, 0 collided on cell (8, 16) as the result of moves on this turn
At command 1 of 7:
>>> 1   m 8 s
    2   m 12 e
    3   m 22 s

Other commands that placed an entity on this cell:
    1   m 8 s
>>> 2   m 12 e
    3   m 22 s
    4   m 28 e


Turn 389
================================================================
warning: owned entities 10, 22 collided on cell (8, 16) as the result of moves on this turn
At command 3 of 4:
    1   m 28 e
    2   m 22 o
>>> 3   m 10 e
    4   m 6 s


Turn 395
================================================================
warning: owned entities 28, 6 collided on cell (8, 16) as the result of moves on this turn
At command 2 of 2:
    1   m 6 o
>>> 2   m 28 e

